INFO to LOGFILE on Mon May 05 10:29:59 CEST 2014 by de.dfki.vsm.util.log.LOGDefaultLogger in Thread[AWT-EventQueue-0,6,main] at de.dfki.vsm.editor.dialog.CreateProjectDialog.createProject(CreateProjectDialog.java:515)
using existing file C:\Users\Souza Putra\sceneflow.xml

INFO to LOGFILE on Mon May 05 10:29:59 CEST 2014 by de.dfki.vsm.util.log.LOGDefaultLogger in Thread[AWT-EventQueue-0,6,main] at de.dfki.vsm.editor.dialog.CreateProjectDialog.createProject(CreateProjectDialog.java:535)
using existing file C:\Users\Souza Putra\scenes.xml

INFO to LOGFILE on Mon May 05 10:29:59 CEST 2014 by de.dfki.vsm.util.log.LOGDefaultLogger in Thread[AWT-EventQueue-0,6,main] at de.dfki.vsm.editor.dialog.CreateProjectDialog.createProject(CreateProjectDialog.java:546)
creating file C:\Users\Souza Putra\gesticon.xml

INFO to LOGFILE on Mon May 05 10:29:59 CEST 2014 by de.dfki.vsm.util.log.LOGDefaultLogger in Thread[AWT-EventQueue-0,6,main] at de.dfki.vsm.editor.dialog.CreateProjectDialog.createProject(CreateProjectDialog.java:560)
creating file C:\Users\Souza Putra\visicon.xml

INFO to LOGFILE on Mon May 05 10:29:59 CEST 2014 by de.dfki.vsm.util.log.LOGDefaultLogger in Thread[AWT-EventQueue-0,6,main] at de.dfki.vsm.editor.dialog.CreateProjectDialog.createProject(CreateProjectDialog.java:575)
creating file C:\Users\Souza Putra\acticon.xml

INFO to LOGFILE on Mon May 05 10:29:59 CEST 2014 by de.dfki.vsm.util.log.LOGDefaultLogger in Thread[AWT-EventQueue-0,6,main] at de.dfki.vsm.editor.dialog.CreateProjectDialog.createProject(CreateProjectDialog.java:584)
creating file C:\Users\Souza Putra\player.xml

INFO to LOGFILE on Mon May 05 10:29:59 CEST 2014 by de.dfki.vsm.util.log.LOGDefaultLogger in Thread[AWT-EventQueue-0,6,main] at de.dfki.vsm.editor.dialog.CreateProjectDialog.createProject(CreateProjectDialog.java:607)
creating file C:\Users\Souza Putra\config.xml

INFO to LOGFILE on Mon May 05 10:29:59 CEST 2014 by de.dfki.vsm.util.log.LOGDefaultLogger in Thread[AWT-EventQueue-0,6,main] at de.dfki.vsm.model.project.ProjectData.loadProjectConfig(ProjectData.java:201)
Loading Project Configuration
<?xml version="1.0" encoding="UTF-8"?>
<ProjectConfig>
  <Entry key="project.basic.name" val="project"/>
  <Entry key="project.data.scenes" val="scenes.xml"/>
  <Entry key="project.data.acticon" val="acticon.xml"/>
  <Entry key="project.data.visicon" val="visicon.xml"/>
  <Entry key="project.data.gesticon" val="gesticon.xml"/>
  <Entry key="project.data.sceneflow" val="sceneflow.xml"/>
  <Entry key="project.player.config" val="player.xml"/>
  <Entry key="project.player.class" val="de.dfki.vsm.runtime.player.DefaultPlayer"/>
</ProjectConfig>


INFO to LOGFILE on Mon May 05 10:29:59 CEST 2014 by de.dfki.vsm.util.log.LOGDefaultLogger in Thread[AWT-EventQueue-0,6,main] at de.dfki.vsm.model.project.ProjectData.loadPlayerConfig(ProjectData.java:237)
Loading Player Configuration
<?xml version="1.0" encoding="UTF-8"?>
<PlayerConfig>
</PlayerConfig>


INFO to LOGFILE on Mon May 05 10:29:59 CEST 2014 by de.dfki.vsm.util.log.LOGDefaultLogger in Thread[AWT-EventQueue-0,6,main] at de.dfki.vsm.model.project.ProjectData.loadActicon(ProjectData.java:356)
Loading Acticon
<?xml version="1.0" encoding="UTF-8"?>
<Acticon>
</Acticon>

INFO to LOGFILE on Mon May 05 10:29:59 CEST 2014 by de.dfki.vsm.util.log.LOGDefaultLogger in Thread[AWT-EventQueue-0,6,main] at de.dfki.vsm.model.project.ProjectData.loadVisicon(ProjectData.java:432)
Loading Visicon
<?xml version="1.0" encoding="UTF-8"?>
<Visicon>
</Visicon>


INFO to LOGFILE on Mon May 05 10:29:59 CEST 2014 by de.dfki.vsm.util.log.LOGDefaultLogger in Thread[AWT-EventQueue-0,6,main] at de.dfki.vsm.model.project.ProjectData.loadGesticon(ProjectData.java:394)
Loading Gesticon
<?xml version="1.0" encoding="UTF-8"?>
<Gesticon>
</Gesticon>


INFO to LOGFILE on Mon May 05 10:29:59 CEST 2014 by de.dfki.vsm.util.log.LOGDefaultLogger in Thread[AWT-EventQueue-0,6,main] at de.dfki.vsm.model.project.ProjectData.loadSceneFlow(ProjectData.java:279)
Loading Sceneflow
project

INFO to LOGFILE on Mon May 05 10:29:59 CEST 2014 by de.dfki.vsm.util.log.LOGDefaultLogger in Thread[AWT-EventQueue-0,6,main] at de.dfki.vsm.model.project.ProjectData.loadSceneScript(ProjectData.java:318)
Loading SceneScript
<?xml version="1.0" encoding="UTF-8"?>
<SceneScript lower="0" upper="0" length="0">

</SceneScript>

INFO to LOGFILE on Mon May 05 10:29:59 CEST 2014 by de.dfki.vsm.util.log.LOGDefaultLogger in Thread[AWT-EventQueue-0,6,main] at de.dfki.vsm.util.syn.SyntaxStylePolicy.<init>(SyntaxStylePolicy.java:48)
Loading Style Policy:
<?xml version="1.0" encoding="UTF-8"?>
<StylePolicy>
  <TokenStyle name="INTEGER" fcol="#22cc33" bcol="#ffffff" bold="false" emph="false" undl="false"/>
  <TokenStyle name="UNDERLINE" fcol="#1e14c8" bcol="#ffffff" bold="true" emph="true" undl="false"/>
  <TokenStyle name="PUNCTUATION" fcol="#000000" bcol="#ffffff" bold="false" emph="false" undl="false"/>
  <TokenStyle name="BOOLEAN" fcol="#22cc33" bcol="#ffffff" bold="false" emph="false" undl="false"/>
  <TokenStyle name="error" fcol="#000000" bcol="#ffffff" bold="false" emph="false" undl="false"/>
  <TokenStyle name="LANGUAGE" fcol="#1e14c8" bcol="#ffffff" bold="true" emph="true" undl="false"/>
  <TokenStyle name="NEWLINE" fcol="#000000" bcol="#00ffff" bold="false" emph="false" undl="false"/>
  <TokenStyle name="VARIABLE" fcol="#1e14c8" bcol="#ffffff" bold="false" emph="true" undl="false"/>
  <TokenStyle name="FLOATING" fcol="#22cc33" bcol="#ffffff" bold="false" emph="false" undl="false"/>
  <TokenStyle name="TURNHEADER" fcol="#1e14c8" bcol="#ffffff" bold="false" emph="false" undl="false"/>
  <TokenStyle name="ACTIONFOOT" fcol="#000000" bcol="#ffffff" bold="false" emph="false" undl="false"/>
  <TokenStyle name="IDENTIFIER" fcol="#645064" bcol="#ffffff" bold="false" emph="true" undl="false"/>
  <TokenStyle name="ABBREVIATION" fcol="#000000" bcol="#ffffff" bold="false" emph="false" undl="false"/>
  <TokenStyle name="COLONMARK" fcol="#000000" bcol="#ffffff" bold="false" emph="false" undl="false"/>
  <TokenStyle name="SCENEHEADER" fcol="#1e14c8" bcol="#ffffff" bold="true" emph="true" undl="false"/>
  <TokenStyle name="ACTIONHEAD" fcol="#000000" bcol="#ffffff" bold="false" emph="false" undl="false"/>
  <TokenStyle name="WHITESPACE" fcol="#000000" bcol="#00ffff" bold="false" emph="false" undl="false"/>
  <TokenStyle name="ASSIGNMENT" fcol="#000000" bcol="#ffffff" bold="false" emph="false" undl="false"/>
  <TokenStyle name="ERRORSTATE" fcol="#ff0000" bcol="#c8ff64" bold="false" emph="false" undl="false"/>
  <TokenStyle name="COMMENT" fcol="#5e912f" bcol="#ffffff" bold="false" emph="true" undl="false"/>
  <TokenStyle name="EOF" fcol="#000000" bcol="#ffffff" bold="false" emph="false" undl="false"/>
  <TokenStyle name="STRING" fcol="#22cc33" bcol="#ffffff" bold="false" emph="false" undl="false"/>
  <TokenStyle name="PLACEHOLDER" fcol="#1e14c8" bcol="#ffffff" bold="false" emph="true" undl="false"/>
  <TokenStyle name="SIMPLEWORD" fcol="#000000" bcol="#ffffff" bold="false" emph="false" undl="false"/>
</StylePolicy>

INFO to LOGFILE on Mon May 05 10:45:12 CEST 2014 by de.dfki.vsm.util.log.LOGDefaultLogger in Thread[AWT-EventQueue-0,6,main] at de.dfki.vsm.editor.dialog.CreateProjectDialog.createProject(CreateProjectDialog.java:515)
using existing file C:\Users\Souza Putra\sceneflow.xml

INFO to LOGFILE on Mon May 05 10:45:12 CEST 2014 by de.dfki.vsm.util.log.LOGDefaultLogger in Thread[AWT-EventQueue-0,6,main] at de.dfki.vsm.editor.dialog.CreateProjectDialog.createProject(CreateProjectDialog.java:535)
using existing file C:\Users\Souza Putra\scenes.xml

INFO to LOGFILE on Mon May 05 10:45:12 CEST 2014 by de.dfki.vsm.util.log.LOGDefaultLogger in Thread[AWT-EventQueue-0,6,main] at de.dfki.vsm.editor.dialog.CreateProjectDialog.createProject(CreateProjectDialog.java:546)
creating file C:\Users\Souza Putra\gesticon.xml

INFO to LOGFILE on Mon May 05 10:45:12 CEST 2014 by de.dfki.vsm.util.log.LOGDefaultLogger in Thread[AWT-EventQueue-0,6,main] at de.dfki.vsm.editor.dialog.CreateProjectDialog.createProject(CreateProjectDialog.java:560)
creating file C:\Users\Souza Putra\visicon.xml

INFO to LOGFILE on Mon May 05 10:45:12 CEST 2014 by de.dfki.vsm.util.log.LOGDefaultLogger in Thread[AWT-EventQueue-0,6,main] at de.dfki.vsm.editor.dialog.CreateProjectDialog.createProject(CreateProjectDialog.java:575)
creating file C:\Users\Souza Putra\acticon.xml

INFO to LOGFILE on Mon May 05 10:45:12 CEST 2014 by de.dfki.vsm.util.log.LOGDefaultLogger in Thread[AWT-EventQueue-0,6,main] at de.dfki.vsm.editor.dialog.CreateProjectDialog.createProject(CreateProjectDialog.java:584)
creating file C:\Users\Souza Putra\player.xml

INFO to LOGFILE on Mon May 05 10:45:12 CEST 2014 by de.dfki.vsm.util.log.LOGDefaultLogger in Thread[AWT-EventQueue-0,6,main] at de.dfki.vsm.editor.dialog.CreateProjectDialog.createProject(CreateProjectDialog.java:607)
creating file C:\Users\Souza Putra\config.xml

INFO to LOGFILE on Mon May 05 10:45:12 CEST 2014 by de.dfki.vsm.util.log.LOGDefaultLogger in Thread[AWT-EventQueue-0,6,main] at de.dfki.vsm.model.project.ProjectData.loadProjectConfig(ProjectData.java:201)
Loading Project Configuration
<?xml version="1.0" encoding="UTF-8"?>
<ProjectConfig>
  <Entry key="project.basic.name" val="project"/>
  <Entry key="project.data.scenes" val="scenes.xml"/>
  <Entry key="project.data.acticon" val="acticon.xml"/>
  <Entry key="project.data.visicon" val="visicon.xml"/>
  <Entry key="project.data.gesticon" val="gesticon.xml"/>
  <Entry key="project.data.sceneflow" val="sceneflow.xml"/>
  <Entry key="project.player.config" val="player.xml"/>
  <Entry key="project.player.class" val="de.dfki.vsm.runtime.player.DefaultPlayer"/>
</ProjectConfig>


INFO to LOGFILE on Mon May 05 10:45:12 CEST 2014 by de.dfki.vsm.util.log.LOGDefaultLogger in Thread[AWT-EventQueue-0,6,main] at de.dfki.vsm.model.project.ProjectData.loadPlayerConfig(ProjectData.java:237)
Loading Player Configuration
<?xml version="1.0" encoding="UTF-8"?>
<PlayerConfig>
</PlayerConfig>


INFO to LOGFILE on Mon May 05 10:45:12 CEST 2014 by de.dfki.vsm.util.log.LOGDefaultLogger in Thread[AWT-EventQueue-0,6,main] at de.dfki.vsm.model.project.ProjectData.loadActicon(ProjectData.java:356)
Loading Acticon
<?xml version="1.0" encoding="UTF-8"?>
<Acticon>
</Acticon>

INFO to LOGFILE on Mon May 05 10:45:12 CEST 2014 by de.dfki.vsm.util.log.LOGDefaultLogger in Thread[AWT-EventQueue-0,6,main] at de.dfki.vsm.model.project.ProjectData.loadVisicon(ProjectData.java:432)
Loading Visicon
<?xml version="1.0" encoding="UTF-8"?>
<Visicon>
</Visicon>


INFO to LOGFILE on Mon May 05 10:45:12 CEST 2014 by de.dfki.vsm.util.log.LOGDefaultLogger in Thread[AWT-EventQueue-0,6,main] at de.dfki.vsm.model.project.ProjectData.loadGesticon(ProjectData.java:394)
Loading Gesticon
<?xml version="1.0" encoding="UTF-8"?>
<Gesticon>
</Gesticon>


INFO to LOGFILE on Mon May 05 10:45:12 CEST 2014 by de.dfki.vsm.util.log.LOGDefaultLogger in Thread[AWT-EventQueue-0,6,main] at de.dfki.vsm.model.project.ProjectData.loadSceneFlow(ProjectData.java:279)
Loading Sceneflow
project

INFO to LOGFILE on Mon May 05 10:45:12 CEST 2014 by de.dfki.vsm.util.log.LOGDefaultLogger in Thread[AWT-EventQueue-0,6,main] at de.dfki.vsm.model.project.ProjectData.loadSceneScript(ProjectData.java:318)
Loading SceneScript
<?xml version="1.0" encoding="UTF-8"?>
<SceneScript lower="0" upper="0" length="0">

</SceneScript>

INFO to LOGFILE on Mon May 05 10:45:12 CEST 2014 by de.dfki.vsm.util.log.LOGDefaultLogger in Thread[AWT-EventQueue-0,6,main] at de.dfki.vsm.util.syn.SyntaxStylePolicy.<init>(SyntaxStylePolicy.java:48)
Loading Style Policy:
<?xml version="1.0" encoding="UTF-8"?>
<StylePolicy>
  <TokenStyle name="INTEGER" fcol="#22cc33" bcol="#ffffff" bold="false" emph="false" undl="false"/>
  <TokenStyle name="UNDERLINE" fcol="#1e14c8" bcol="#ffffff" bold="true" emph="true" undl="false"/>
  <TokenStyle name="PUNCTUATION" fcol="#000000" bcol="#ffffff" bold="false" emph="false" undl="false"/>
  <TokenStyle name="BOOLEAN" fcol="#22cc33" bcol="#ffffff" bold="false" emph="false" undl="false"/>
  <TokenStyle name="error" fcol="#000000" bcol="#ffffff" bold="false" emph="false" undl="false"/>
  <TokenStyle name="LANGUAGE" fcol="#1e14c8" bcol="#ffffff" bold="true" emph="true" undl="false"/>
  <TokenStyle name="NEWLINE" fcol="#000000" bcol="#00ffff" bold="false" emph="false" undl="false"/>
  <TokenStyle name="VARIABLE" fcol="#1e14c8" bcol="#ffffff" bold="false" emph="true" undl="false"/>
  <TokenStyle name="FLOATING" fcol="#22cc33" bcol="#ffffff" bold="false" emph="false" undl="false"/>
  <TokenStyle name="TURNHEADER" fcol="#1e14c8" bcol="#ffffff" bold="false" emph="false" undl="false"/>
  <TokenStyle name="ACTIONFOOT" fcol="#000000" bcol="#ffffff" bold="false" emph="false" undl="false"/>
  <TokenStyle name="IDENTIFIER" fcol="#645064" bcol="#ffffff" bold="false" emph="true" undl="false"/>
  <TokenStyle name="ABBREVIATION" fcol="#000000" bcol="#ffffff" bold="false" emph="false" undl="false"/>
  <TokenStyle name="COLONMARK" fcol="#000000" bcol="#ffffff" bold="false" emph="false" undl="false"/>
  <TokenStyle name="SCENEHEADER" fcol="#1e14c8" bcol="#ffffff" bold="true" emph="true" undl="false"/>
  <TokenStyle name="ACTIONHEAD" fcol="#000000" bcol="#ffffff" bold="false" emph="false" undl="false"/>
  <TokenStyle name="WHITESPACE" fcol="#000000" bcol="#00ffff" bold="false" emph="false" undl="false"/>
  <TokenStyle name="ASSIGNMENT" fcol="#000000" bcol="#ffffff" bold="false" emph="false" undl="false"/>
  <TokenStyle name="ERRORSTATE" fcol="#ff0000" bcol="#c8ff64" bold="false" emph="false" undl="false"/>
  <TokenStyle name="COMMENT" fcol="#5e912f" bcol="#ffffff" bold="false" emph="true" undl="false"/>
  <TokenStyle name="EOF" fcol="#000000" bcol="#ffffff" bold="false" emph="false" undl="false"/>
  <TokenStyle name="STRING" fcol="#22cc33" bcol="#ffffff" bold="false" emph="false" undl="false"/>
  <TokenStyle name="PLACEHOLDER" fcol="#1e14c8" bcol="#ffffff" bold="false" emph="true" undl="false"/>
  <TokenStyle name="SIMPLEWORD" fcol="#000000" bcol="#ffffff" bold="false" emph="false" undl="false"/>
</StylePolicy>

