Determining if the pthread_create exist failed with the following output:
Change Dir: /home/sarah/MindbotRobot/VisualSceneMaker/plugins/mindbotrobot/MindBotCommunication/build/CMakeFiles/CMakeTmp

Run Build Command:"/usr/bin/make" "cmTC_6bd79/fast"
/usr/bin/make -f CMakeFiles/cmTC_6bd79.dir/build.make CMakeFiles/cmTC_6bd79.dir/build
make[1]: Entering directory '/home/sarah/MindbotRobot/VisualSceneMaker/plugins/mindbotrobot/MindBotCommunication/build/CMakeFiles/CMakeTmp'
Building C object CMakeFiles/cmTC_6bd79.dir/CheckSymbolExists.c.o
/usr/bin/cc    -o CMakeFiles/cmTC_6bd79.dir/CheckSymbolExists.c.o   -c /home/sarah/MindbotRobot/VisualSceneMaker/plugins/mindbotrobot/MindBotCommunication/build/CMakeFiles/CMakeTmp/CheckSymbolExists.c
Linking C executable cmTC_6bd79
/usr/bin/cmake -E cmake_link_script CMakeFiles/cmTC_6bd79.dir/link.txt --verbose=1
/usr/bin/cc      -rdynamic CMakeFiles/cmTC_6bd79.dir/CheckSymbolExists.c.o  -o cmTC_6bd79 
CMakeFiles/cmTC_6bd79.dir/CheckSymbolExists.c.o: In function `main':
CheckSymbolExists.c:(.text+0x1b): undefined reference to `pthread_create'
collect2: error: ld returned 1 exit status
CMakeFiles/cmTC_6bd79.dir/build.make:97: recipe for target 'cmTC_6bd79' failed
make[1]: *** [cmTC_6bd79] Error 1
make[1]: Leaving directory '/home/sarah/MindbotRobot/VisualSceneMaker/plugins/mindbotrobot/MindBotCommunication/build/CMakeFiles/CMakeTmp'
Makefile:126: recipe for target 'cmTC_6bd79/fast' failed
make: *** [cmTC_6bd79/fast] Error 2

File /home/sarah/MindbotRobot/VisualSceneMaker/plugins/mindbotrobot/MindBotCommunication/build/CMakeFiles/CMakeTmp/CheckSymbolExists.c:
/* */
#include <pthread.h>

int main(int argc, char** argv)
{
  (void)argv;
#ifndef pthread_create
  return ((int*)(&pthread_create))[argc];
#else
  (void)argc;
  return 0;
#endif
}

Determining if the function pthread_create exists in the pthreads failed with the following output:
Change Dir: /home/sarah/MindbotRobot/VisualSceneMaker/plugins/mindbotrobot/MindBotCommunication/build/CMakeFiles/CMakeTmp

Run Build Command:"/usr/bin/make" "cmTC_f8734/fast"
/usr/bin/make -f CMakeFiles/cmTC_f8734.dir/build.make CMakeFiles/cmTC_f8734.dir/build
make[1]: Entering directory '/home/sarah/MindbotRobot/VisualSceneMaker/plugins/mindbotrobot/MindBotCommunication/build/CMakeFiles/CMakeTmp'
Building C object CMakeFiles/cmTC_f8734.dir/CheckFunctionExists.c.o
/usr/bin/cc   -DCHECK_FUNCTION_EXISTS=pthread_create   -o CMakeFiles/cmTC_f8734.dir/CheckFunctionExists.c.o   -c /usr/share/cmake-3.10/Modules/CheckFunctionExists.c
Linking C executable cmTC_f8734
/usr/bin/cmake -E cmake_link_script CMakeFiles/cmTC_f8734.dir/link.txt --verbose=1
/usr/bin/cc  -DCHECK_FUNCTION_EXISTS=pthread_create    -rdynamic CMakeFiles/cmTC_f8734.dir/CheckFunctionExists.c.o  -o cmTC_f8734 -lpthreads 
/usr/bin/ld: cannot find -lpthreads
collect2: error: ld returned 1 exit status
CMakeFiles/cmTC_f8734.dir/build.make:97: recipe for target 'cmTC_f8734' failed
make[1]: *** [cmTC_f8734] Error 1
make[1]: Leaving directory '/home/sarah/MindbotRobot/VisualSceneMaker/plugins/mindbotrobot/MindBotCommunication/build/CMakeFiles/CMakeTmp'
Makefile:126: recipe for target 'cmTC_f8734/fast' failed
make: *** [cmTC_f8734/fast] Error 2


